{
  "stats": {
    "suites": 5,
    "tests": 17,
    "passes": 16,
    "pending": 0,
    "failures": 1,
    "start": "2023-01-19T20:36:35.528Z",
    "end": "2023-01-19T20:38:20.157Z",
    "duration": 67631,
    "testsRegistered": 17,
    "passPercent": 94.11764705882354,
    "pendingPercent": 0,
    "other": 0,
    "hasOther": false,
    "skipped": 0,
    "hasSkipped": false
  },
  "results": [
    {
      "uuid": "71d52e0f-b34a-4d25-8bdb-0ebea7146757",
      "title": "",
      "fullFile": "cypress\\tests\\e2e\\auth.spec.js",
      "file": "cypress\\tests\\e2e\\auth.spec.js",
      "beforeHooks": [],
      "afterHooks": [],
      "tests": [],
      "suites": [
        {
          "uuid": "4f738ac4-47d7-44d0-9293-253b00f994e3",
          "title": "e2e test for auth",
          "fullFile": "",
          "file": "",
          "beforeHooks": [],
          "afterHooks": [],
          "tests": [
            {
              "title": "should cancel register",
              "fullTitle": "e2e test for auth should cancel register",
              "timedOut": null,
              "duration": 1893,
              "state": "passed",
              "speed": "slow",
              "pass": true,
              "fail": false,
              "pending": false,
              "context": null,
              "code": "register.visitRegisterPage();\nregister.cancelRegister();\n(0, _helpers.urlShouldEqual)(_resources.SELECTORS.LOGIN_PAGE);",
              "err": {},
              "uuid": "d160e4ac-59ff-4fb8-ac96-8536dd878cd3",
              "parentUUID": "4f738ac4-47d7-44d0-9293-253b00f994e3",
              "isHook": false,
              "skipped": false
            },
            {
              "title": "should register with incomplete data",
              "fullTitle": "e2e test for auth should register with incomplete data",
              "timedOut": null,
              "duration": 1789,
              "state": "passed",
              "speed": "slow",
              "pass": true,
              "fail": false,
              "pending": false,
              "context": null,
              "code": "register.visitRegisterPage();\n(0, _e2e.mockE2EData)(function (data) {\n  register.typeFirstName(data.auth.firstName);\n  register.typeLastName(data.auth.lastName);\n  register.typeUsername(data.auth.username);\n});\n(0, _helpers.shouldBeDisabled)(register.getRegisterBTN());",
              "err": {},
              "uuid": "34bdb296-bf24-49b0-9cc2-3b8c963e699d",
              "parentUUID": "4f738ac4-47d7-44d0-9293-253b00f994e3",
              "isHook": false,
              "skipped": false
            },
            {
              "title": "should register succesfully",
              "fullTitle": "e2e test for auth should register succesfully",
              "timedOut": null,
              "duration": 3700,
              "state": "passed",
              "speed": "slow",
              "pass": true,
              "fail": false,
              "pending": false,
              "context": null,
              "code": "register.visitRegisterPage();\n(0, _e2e.mockE2EData)(function (data) {\n  register.typeFirstName(data.auth.firstName);\n  register.typeLastName(data.auth.lastName);\n  register.typeUsername(data.auth.username + (0, _utils.genereateRandomNo)());\n  register.typePassword(data.auth.password);\n});\nregister.register();\n(0, _helpers.urlShouldEqual)(_resources.SELECTORS.LOGIN_PAGE);\nregister.displaySuccessMsg();",
              "err": {},
              "uuid": "e8db0406-f6c2-489f-b81e-9ed7257ff5b4",
              "parentUUID": "4f738ac4-47d7-44d0-9293-253b00f994e3",
              "isHook": false,
              "skipped": false
            },
            {
              "title": "should redirect from login to register page",
              "fullTitle": "e2e test for auth should redirect from login to register page",
              "timedOut": null,
              "duration": 975,
              "state": "passed",
              "speed": "slow",
              "pass": true,
              "fail": false,
              "pending": false,
              "context": null,
              "code": "login.visitLoginPage();\nlogin.goToRegisterPage();\n(0, _helpers.urlShouldEqual)(_resources.SELECTORS.REGISTER_PAGE);",
              "err": {},
              "uuid": "35a5ac7d-d42d-47a7-b809-4868c40a9ff2",
              "parentUUID": "4f738ac4-47d7-44d0-9293-253b00f994e3",
              "isHook": false,
              "skipped": false
            },
            {
              "title": "should login when unregistered user",
              "fullTitle": "e2e test for auth should login when unregistered user",
              "timedOut": null,
              "duration": 2267,
              "state": "passed",
              "speed": "slow",
              "pass": true,
              "fail": false,
              "pending": false,
              "context": null,
              "code": "login.visitLoginPage();\n(0, _e2e.mockE2EData)(function (data) {\n  login.typeUsername(data.auth.username);\n  login.typePassword(data.auth.password);\n});\nlogin.login();\nlogin.displayErrorMsg();",
              "err": {},
              "uuid": "4c4b35a6-0cc7-4fc8-b62f-4f28a18172cd",
              "parentUUID": "4f738ac4-47d7-44d0-9293-253b00f994e3",
              "isHook": false,
              "skipped": false
            }
          ],
          "suites": [],
          "passes": [
            "d160e4ac-59ff-4fb8-ac96-8536dd878cd3",
            "34bdb296-bf24-49b0-9cc2-3b8c963e699d",
            "e8db0406-f6c2-489f-b81e-9ed7257ff5b4",
            "35a5ac7d-d42d-47a7-b809-4868c40a9ff2",
            "4c4b35a6-0cc7-4fc8-b62f-4f28a18172cd"
          ],
          "failures": [],
          "pending": [],
          "skipped": [],
          "duration": 10624,
          "root": false,
          "rootEmpty": false,
          "_timeout": 2000
        }
      ],
      "passes": [],
      "failures": [],
      "pending": [],
      "skipped": [],
      "duration": 0,
      "root": true,
      "rootEmpty": true,
      "_timeout": 2000
    },
    {
      "uuid": "84b61094-83eb-418f-b932-3e58a5cdcfaf",
      "title": "",
      "fullFile": "cypress\\tests\\e2e\\demoTesting.spec.js",
      "file": "cypress\\tests\\e2e\\demoTesting.spec.js",
      "beforeHooks": [],
      "afterHooks": [],
      "tests": [],
      "suites": [
        {
          "uuid": "ac20f2c2-3fd0-402f-b082-3883f1d018af",
          "title": "e2e test for demo testing page",
          "fullFile": "",
          "file": "",
          "beforeHooks": [],
          "afterHooks": [],
          "tests": [
            {
              "title": "should info list length equal 4",
              "fullTitle": "e2e test for demo testing page should info list length equal 4",
              "timedOut": null,
              "duration": 2541,
              "state": "passed",
              "speed": "slow",
              "pass": true,
              "fail": false,
              "pending": false,
              "context": null,
              "code": "demoSitePage.infoListShouldHaveLength(4);",
              "err": {},
              "uuid": "d9b941e0-23e5-4ea8-813f-0a07be9088a7",
              "parentUUID": "ac20f2c2-3fd0-402f-b082-3883f1d018af",
              "isHook": false,
              "skipped": false
            },
            {
              "title": "should redirect to angular js page",
              "fullTitle": "e2e test for demo testing page should redirect to angular js page",
              "timedOut": null,
              "duration": 3490,
              "state": "passed",
              "speed": "slow",
              "pass": true,
              "fail": false,
              "pending": false,
              "context": null,
              "code": "demoSitePage.navigateToPracticeAngularJsSite();\nangularJsPracticePage.titleShouldBeVisible();",
              "err": {},
              "uuid": "ae56779c-3d98-44d4-ae6a-b04c2c2fb369",
              "parentUUID": "ac20f2c2-3fd0-402f-b082-3883f1d018af",
              "isHook": false,
              "skipped": false
            },
            {
              "title": "should go to angular js page from components",
              "fullTitle": "e2e test for demo testing page should go to angular js page from components",
              "timedOut": null,
              "duration": 3248,
              "state": "passed",
              "speed": "slow",
              "pass": true,
              "fail": false,
              "pending": false,
              "context": null,
              "code": "demoSitePage.clickOnComponent(4, 2);\n(0, _helpers.urlShouldEqual)(_resources.NAVIGATION_ITEM.ANGULAR_JS_PROTRACTOR_PRACTICE_SITE.LINK);\nangularJsPracticePage.titleShouldBeVisible();",
              "err": {},
              "uuid": "2b0236da-e280-4a78-8cfc-c84d1864efcf",
              "parentUUID": "ac20f2c2-3fd0-402f-b082-3883f1d018af",
              "isHook": false,
              "skipped": false
            }
          ],
          "suites": [],
          "passes": [
            "d9b941e0-23e5-4ea8-813f-0a07be9088a7",
            "ae56779c-3d98-44d4-ae6a-b04c2c2fb369",
            "2b0236da-e280-4a78-8cfc-c84d1864efcf"
          ],
          "failures": [],
          "pending": [],
          "skipped": [],
          "duration": 9279,
          "root": false,
          "rootEmpty": false,
          "_timeout": 2000
        }
      ],
      "passes": [],
      "failures": [],
      "pending": [],
      "skipped": [],
      "duration": 0,
      "root": true,
      "rootEmpty": true,
      "_timeout": 2000
    },
    {
      "uuid": "3fa317a8-a381-47d0-b211-0273ce4e7d7a",
      "title": "",
      "fullFile": "cypress\\tests\\e2e\\multiform.spec.js",
      "file": "cypress\\tests\\e2e\\multiform.spec.js",
      "beforeHooks": [],
      "afterHooks": [],
      "tests": [],
      "suites": [
        {
          "uuid": "00c6fc10-1eca-4b5f-a338-4477bdf067d5",
          "title": "e2e test for angular hs practice page",
          "fullFile": "",
          "file": "",
          "beforeHooks": [],
          "afterHooks": [],
          "tests": [
            {
              "title": "should fill and send form",
              "fullTitle": "e2e test for angular hs practice page should fill and send form",
              "timedOut": null,
              "duration": 4321,
              "state": "passed",
              "speed": "slow",
              "pass": true,
              "fail": false,
              "pending": false,
              "context": null,
              "code": "(0, _e2e.mockE2EData)(function (data) {\n  multiformPage.typeName(data.multiform.name);\n  multiformPage.previerShouldContain({\n    name: data.multiform.name\n  });\n  multiformPage.typeEmail(data.multiform.email);\n  multiformPage.previerShouldContain({\n    name: data.multiform.name,\n    email: data.multiform.email\n  });\n  multiformPage.goToNextStep();\n  multiformPage.chooseConsoleChoice(data.multiform.console.no);\n  multiformPage.goToNextStep();\n  multiformPage.displayThanksMsg();\n  multiformPage.previerShouldContain({\n    name: data.multiform.name,\n    email: data.multiform.email,\n    console: data.multiform.console.xbox\n  });\n});\nmultiformPage.submitForm();\nmultiformPage.showConfirmationForSubmitform();",
              "err": {},
              "uuid": "ec6ea948-1e4f-4851-b95a-1c9db34e68a5",
              "parentUUID": "00c6fc10-1eca-4b5f-a338-4477bdf067d5",
              "isHook": false,
              "skipped": false
            },
            {
              "title": "should redirect to home page on link click",
              "fullTitle": "e2e test for angular hs practice page should redirect to home page on link click",
              "timedOut": null,
              "duration": 4877,
              "state": "passed",
              "speed": "slow",
              "pass": true,
              "fail": false,
              "pending": false,
              "context": null,
              "code": "multiformPage.clickOnGlobalLink();\n(0, _helpers.urlShouldEqual)(_resources.E2E_URL + '/');",
              "err": {},
              "uuid": "f5211f43-98a9-4a9a-bff6-fbd94503fad6",
              "parentUUID": "00c6fc10-1eca-4b5f-a338-4477bdf067d5",
              "isHook": false,
              "skipped": false
            }
          ],
          "suites": [],
          "passes": [
            "ec6ea948-1e4f-4851-b95a-1c9db34e68a5",
            "f5211f43-98a9-4a9a-bff6-fbd94503fad6"
          ],
          "failures": [],
          "pending": [],
          "skipped": [],
          "duration": 9198,
          "root": false,
          "rootEmpty": false,
          "_timeout": 2000
        }
      ],
      "passes": [],
      "failures": [],
      "pending": [],
      "skipped": [],
      "duration": 0,
      "root": true,
      "rootEmpty": true,
      "_timeout": 2000
    },
    {
      "uuid": "d4673a45-d862-4fd4-9827-06233886d98d",
      "title": "",
      "fullFile": "cypress\\tests\\e2e\\navigation.spec.js",
      "file": "cypress\\tests\\e2e\\navigation.spec.js",
      "beforeHooks": [],
      "afterHooks": [],
      "tests": [],
      "suites": [
        {
          "uuid": "3ca26a27-889b-4e0c-9af6-c1e7c554bf24",
          "title": "e2e test for navigation",
          "fullFile": "",
          "file": "",
          "beforeHooks": [],
          "afterHooks": [],
          "tests": [
            {
              "title": "should click on navigation cheatsheets item - first layer",
              "fullTitle": "e2e test for navigation should click on navigation cheatsheets item - first layer",
              "timedOut": null,
              "duration": 8336,
              "state": "passed",
              "speed": "slow",
              "pass": true,
              "fail": false,
              "pending": false,
              "context": null,
              "code": "navigation.clickOnNavItem(_resources.NAVIGATION_ITEM.CHEATSHEETS.SELECTOR, _resources.NAVIGATION_ITEM.CHEATSHEETS.LINK);\ncheatsheetsPage.titleShouldBeVisible(); // TODO: move this to a separate test for CHEATSHEETS page\ncheatsheetsPage.clickOnListItem(_resources.CHEATSHEETS_LINK_SELECTORS.SQL.NO, _resources.CHEATSHEETS_LINK_SELECTORS.SQL.LINK);",
              "err": {},
              "uuid": "4054feff-9f9a-473a-9e46-e006c129b7db",
              "parentUUID": "3ca26a27-889b-4e0c-9af6-c1e7c554bf24",
              "isHook": false,
              "skipped": false
            },
            {
              "title": "should click on demo testing site item - second layer",
              "fullTitle": "e2e test for navigation should click on demo testing site item - second layer",
              "timedOut": null,
              "duration": 3840,
              "state": "passed",
              "speed": "slow",
              "pass": true,
              "fail": false,
              "pending": false,
              "context": null,
              "code": "navigation.clickOnNavItem(_resources.NAVIGATION_ITEM.DEMO_TESTING_SITE.SELECTOR, _resources.NAVIGATION_ITEM.DEMO_TESTING_SITE.LINK);\ndemoSitePage.titleShouldBeVisible();",
              "err": {},
              "uuid": "69e64aeb-9ec5-433d-bf18-e47dacf29fa0",
              "parentUUID": "3ca26a27-889b-4e0c-9af6-c1e7c554bf24",
              "isHook": false,
              "skipped": false
            },
            {
              "title": "should click on multiform item - third layer",
              "fullTitle": "e2e test for navigation should click on multiform item - third layer",
              "timedOut": null,
              "duration": 3305,
              "state": "passed",
              "speed": "slow",
              "pass": true,
              "fail": false,
              "pending": false,
              "context": null,
              "code": "navigation.clickOnNavItem(_resources.NAVIGATION_ITEM.MULTIFORM.SELECTOR, _resources.NAVIGATION_ITEM.MULTIFORM.LINK);\n(0, _helpers.urlShouldEqual)(_resources.NAVIGATION_ITEM.MULTIFORM.LINK);\nmultiformPage.titleShouldBeVisible();",
              "err": {},
              "uuid": "9c976f66-7dfa-4275-84a8-1c269b0373fc",
              "parentUUID": "3ca26a27-889b-4e0c-9af6-c1e7c554bf24",
              "isHook": false,
              "skipped": false
            },
            {
              "title": "should click on logo",
              "fullTitle": "e2e test for navigation should click on logo",
              "timedOut": null,
              "duration": 2233,
              "state": "passed",
              "speed": "slow",
              "pass": true,
              "fail": false,
              "pending": false,
              "context": null,
              "code": "navigation.clickOnLogo();",
              "err": {},
              "uuid": "9ab05e56-315c-4f5e-b010-0ff3706ffb52",
              "parentUUID": "3ca26a27-889b-4e0c-9af6-c1e7c554bf24",
              "isHook": false,
              "skipped": false
            }
          ],
          "suites": [],
          "passes": [
            "4054feff-9f9a-473a-9e46-e006c129b7db",
            "69e64aeb-9ec5-433d-bf18-e47dacf29fa0",
            "9c976f66-7dfa-4275-84a8-1c269b0373fc",
            "9ab05e56-315c-4f5e-b010-0ff3706ffb52"
          ],
          "failures": [],
          "pending": [],
          "skipped": [],
          "duration": 17714,
          "root": false,
          "rootEmpty": false,
          "_timeout": 2000
        }
      ],
      "passes": [],
      "failures": [],
      "pending": [],
      "skipped": [],
      "duration": 0,
      "root": true,
      "rootEmpty": true,
      "_timeout": 2000
    },
    {
      "uuid": "4f6d454d-7670-4534-8fe3-a0a380ba7d02",
      "title": "",
      "fullFile": "cypress\\tests\\e2e\\angularJsPractice.spec.js",
      "file": "cypress\\tests\\e2e\\angularJsPractice.spec.js",
      "beforeHooks": [],
      "afterHooks": [],
      "tests": [],
      "suites": [
        {
          "uuid": "4b5c8034-44fd-4e78-b8cf-d0d6ce998d08",
          "title": "e2e test for angular hs practice page",
          "fullFile": "",
          "file": "",
          "beforeHooks": [],
          "afterHooks": [],
          "tests": [
            {
              "title": "should info list length equal 4",
              "fullTitle": "e2e test for angular hs practice page should info list length equal 4",
              "timedOut": null,
              "duration": 2952,
              "state": "passed",
              "speed": "slow",
              "pass": true,
              "fail": false,
              "pending": false,
              "context": null,
              "code": "angularJsPracticePage.infoListShouldHaveLength(4);",
              "err": {},
              "uuid": "451e066b-823f-4735-8615-4822b1b39aff",
              "parentUUID": "4b5c8034-44fd-4e78-b8cf-d0d6ce998d08",
              "isHook": false,
              "skipped": false
            },
            {
              "title": "should redirect to demo practice page",
              "fullTitle": "e2e test for angular hs practice page should redirect to demo practice page",
              "timedOut": null,
              "duration": 13918,
              "state": "failed",
              "speed": null,
              "pass": false,
              "fail": true,
              "pending": false,
              "context": null,
              "code": "angularJsPracticePage.navigateToPracticeDemoSite();\ndemoSitePage.titleShouldBeVisible();",
              "err": {
                "message": "AssertionError: Timed out retrying: Expected to find element: `#post-2715 > div:nth-child(1) > div > div > h2`, but never found it.",
                "estack": "AssertionError: Timed out retrying: Expected to find element: `#post-2715 > div:nth-child(1) > div > div > h2`, but never found it.\n    at ensureExistence (https://www.globalsqa.com/__cypress/runner/cypress_runner.js:137673:32)\n    at Object.ensureElExistence (https://www.globalsqa.com/__cypress/runner/cypress_runner.js:137691:12)\n    at ensureExistence (https://www.globalsqa.com/__cypress/runner/cypress_runner.js:127867:23)\n    at onFailFn (https://www.globalsqa.com/__cypress/runner/cypress_runner.js:127905:9)\n    at tryCatcher (https://www.globalsqa.com/__cypress/runner/cypress_runner.js:9065:23)\n    at Promise._settlePromiseFromHandler (https://www.globalsqa.com/__cypress/runner/cypress_runner.js:7000:31)\n    at Promise._settlePromise (https://www.globalsqa.com/__cypress/runner/cypress_runner.js:7057:18)\n    at Promise._settlePromise0 (https://www.globalsqa.com/__cypress/runner/cypress_runner.js:7102:10)\n    at Promise._settlePromises (https://www.globalsqa.com/__cypress/runner/cypress_runner.js:7178:18)\n    at _drainQueueStep (https://www.globalsqa.com/__cypress/runner/cypress_runner.js:3772:12)\n    at _drainQueue (https://www.globalsqa.com/__cypress/runner/cypress_runner.js:3765:9)\n    at ../../node_modules/bluebird/js/release/async.js.Async._drainQueues (https://www.globalsqa.com/__cypress/runner/cypress_runner.js:3781:5)\n    at Async.drainQueues (https://www.globalsqa.com/__cypress/runner/cypress_runner.js:3651:14)",
                "diff": null
              },
              "uuid": "3b814ab6-0746-4058-b655-84caa37faa1d",
              "parentUUID": "4b5c8034-44fd-4e78-b8cf-d0d6ce998d08",
              "isHook": false,
              "skipped": false
            },
            {
              "title": "should go to multiform page from components",
              "fullTitle": "e2e test for angular hs practice page should go to multiform page from components",
              "timedOut": null,
              "duration": 3946,
              "state": "passed",
              "speed": "slow",
              "pass": true,
              "fail": false,
              "pending": false,
              "context": null,
              "code": "angularJsPracticePage.clickOnComponent(1, 1);\n(0, _helpers.urlShouldEqual)(_resources.NAVIGATION_ITEM.MULTIFORM.LINK);\nmultiformPage.titleShouldBeVisible();",
              "err": {},
              "uuid": "a15ab52d-e58f-40ee-8cb2-a25c29c35f55",
              "parentUUID": "4b5c8034-44fd-4e78-b8cf-d0d6ce998d08",
              "isHook": false,
              "skipped": false
            }
          ],
          "suites": [],
          "passes": [
            "451e066b-823f-4735-8615-4822b1b39aff",
            "a15ab52d-e58f-40ee-8cb2-a25c29c35f55"
          ],
          "failures": [
            "3b814ab6-0746-4058-b655-84caa37faa1d"
          ],
          "pending": [],
          "skipped": [],
          "duration": 20816,
          "root": false,
          "rootEmpty": false,
          "_timeout": 2000
        }
      ],
      "passes": [],
      "failures": [],
      "pending": [],
      "skipped": [],
      "duration": 0,
      "root": true,
      "rootEmpty": true,
      "_timeout": 2000
    }
  ],
  "meta": {
    "mocha": {
      "version": "7.0.1"
    },
    "mochawesome": {
      "options": {
        "quiet": false,
        "reportFilename": "mochawesome",
        "saveHtml": false,
        "saveJson": true,
        "consoleReporter": "spec",
        "useInlineDiffs": false,
        "code": true
      },
      "version": "7.1.3"
    },
    "marge": {
      "options": {
        "reportDir": "cypress/reports/jsons",
        "overwrite": false,
        "html": false,
        "json": true,
        "charts": true,
        "reportPageTitle": "Reports"
      },
      "version": "6.2.0"
    }
  }
}